Player One: (0, 0) "miss"
Computer: (7, 9) "miss"
Player One: (0, 2) "miss"
Computer: (6, 6) "miss"
Player One: (0, 4) "miss"
Computer: (9, 1) "miss"
Player One: (0, 6) "miss"
Computer: (8, 9) "miss"
Player One: (0, 8) "miss"
Computer: (4, 7) "miss"
Player One: (1, 1) "miss"
Computer: (5, 5) "hit"
Player One: (1, 3) "miss"
Computer: (0, 6) "miss"
Player One: (1, 5) "hit"
Computer: (8, 1) "miss"
Player One: (1, 4) "hit"
Computer: (1, 0) "miss"
Player One: (1, 6) "hit"
Computer: (2, 9) "miss"
Player One: (1, 7) "hit"
Computer: (4, 3) "hit"
Player One: (1, 8) "hit" Sunk Carrier!
Computer: (8, 4) "miss"
Player One: (1, 9) "miss"
Computer: (0, 8) "miss"
Player One: (2, 0) "miss"
Computer: (1, 1) "miss"
Player One: (2, 2) "miss"
Computer: (1, 7) "miss"
Player One: (2, 4) "miss"
Computer: (3, 6) "miss"
Player One: (2, 6) "hit"
Computer: (5, 9) "miss"
Player One: (2, 5) "miss"
Computer: (3, 4) "miss"
Player One: (2, 7) "hit"
Computer: (5, 2) "miss"
Player One: (2, 8) "hit" Sunk Cruiser!
Computer: (2, 7) "miss"
Player One: (2, 9) "miss"
Computer: (2, 1) "miss"
Player One: (3, 1) "miss"
Computer: (0, 3) "hit"
Player One: (3, 3) "miss"
Computer: (8, 8) "miss"
Player One: (3, 5) "miss"
Computer: (8, 5) "miss"
Player One: (3, 8) "miss"
Computer: (3, 1) "miss"
Player One: (3, 7) "miss"
Computer: (3, 8) "miss"
Player One: (4, 9) "miss"
Computer: (6, 5) "miss"
Player One: (4, 0) "hit"
Computer: (7, 0) "miss"
Player One: (4, 1) "miss"
Computer: (5, 8) "miss"
Player One: (5, 0) "hit"
Computer: (1, 6) "miss"
Player One: (6, 0) "hit" Sunk Submarine!
Computer: (1, 8) "miss"
Player One: (7, 0) "miss"
Computer: (2, 4) "miss"
Player One: (3, 0) "miss"
Computer: (0, 4) "hit"
Player One: (4, 3) "miss"
Computer: (4, 1) "miss"
Player One: (4, 5) "miss"
Computer: (7, 6) "miss"
Player One: (4, 7) "miss"
Computer: (0, 9) "miss"
Player One: (5, 2) "miss"
Computer: (8, 0) "miss"
Player One: (5, 4) "miss"
Computer: (8, 2) "miss"
Player One: (5, 6) "miss"
Computer: (3, 9) "miss"
Player One: (5, 8) "miss"
Computer: (5, 1) "miss"
Player One: (6, 1) "miss"
Computer: (0, 0) "hit"
Player One: (6, 3) "miss"
Computer: (4, 9) "miss"
Player One: (6, 4) "miss"
Computer: (8, 7) "miss"
Player One: (6, 5) "miss"
Computer: (9, 5) "miss"
Player One: (6, 7) "miss"
Computer: (9, 7) "hit"
Player One: (6, 8) "miss"
Computer: (2, 8) "miss"
Player One: (7, 2) "miss"
Computer: (3, 0) "miss"
Player One: (7, 4) "miss"
Computer: (0, 7) "miss"
Player One: (7, 6) "miss"
Computer: (2, 5) "miss"
Player One: (7, 8) "hit"
Computer: (3, 3) "hit"
Player One: (7, 7) "miss"
Computer: (5, 7) "miss"
Player One: (7, 9) "hit" Sunk Destroyer!
Computer: (0, 5) "miss"
Player One: (8, 1) "miss"
Computer: (1, 5) "miss"
Player One: (8, 3) "miss"
Computer: (6, 1) "miss"
Player One: (8, 5) "hit"
Computer: (2, 6) "miss"
Player One: (8, 4) "hit"
Computer: (7, 2) "miss"
Player One: (8, 6) "hit"
Computer: (6, 9) "miss"
Player One: (8, 7) "hit" Sunk Battleship!
Computer: (6, 7) "miss"
Player One Won, Computer Lost
Player One Stats:
Number of Hits: 17
Number of Miss: 41
Hit/Miss Ratio: 29.31%
Computer Stats:
Number of Hits: 7
Number of Miss: 51
Hit/Miss Ratio: 12.07%
